7/11/2025, 9:52:18 PM - Команды успешно обновлены!
7/11/2025, 9:58:15 PM - Временный файл ./tmp/1393305254186975372.png удалён.
7/11/2025, 9:58:15 PM - Error: MakeWelko: fail to delit tmp file: No such file or directory
7/11/2025, 9:59:43 PM - Команды успешно обновлены!
7/11/2025, 9:59:56 PM - Error: MakeWelko: fail to delit tmp file: No such file or directory
7/11/2025, 9:59:56 PM - Временный файл ./tmp/1393305254186975372.png удалён.
7/11/2025, 10:00:54 PM - Команды успешно обновлены!
7/11/2025, 10:01:18 PM - Error: MakeWelko: fail to delit tmp file: No such file or directory
7/11/2025, 10:01:18 PM - Временный файл ./tmp/1393305254186975372.png удалён.
7/11/2025, 10:02:21 PM - Команды успешно обновлены!
7/11/2025, 10:02:46 PM - Команды успешно обновлены!
7/11/2025, 10:03:09 PM - При обработке нового пользователя возникла ошибка: ENOENT: No such file or directory
7/11/2025, 10:03:09 PM - Error: MakeWelko: fail to delit tmp file: No such file or directory
7/11/2025, 10:03:09 PM - Временный файл ./tmp/1393305254186975372.png удалён.
7/11/2025, 10:04:52 PM - Команды успешно обновлены!
7/11/2025, 10:05:03 PM - При обработке нового пользователя возникла ошибка: ENOENT: No such file or directory
7/11/2025, 10:05:03 PM - Error: MakeWelko: fail to delit tmp file: No such file or directory
7/11/2025, 10:05:03 PM - Временный файл ./tmp/1393305254186975372.png удалён.
7/11/2025, 10:08:27 PM - Команды успешно обновлены!
7/11/2025, 10:10:19 PM - Команды успешно обновлены!
7/11/2025, 10:10:34 PM - При обработке нового пользователя возникла ошибка: ENOENT: No such file or directory
7/11/2025, 10:10:34 PM - Error: MakeWelko: fail to delit tmp file: No such file or directory
7/11/2025, 10:10:34 PM - Временный файл ./tmp/1393305254186975372.png удалён.
7/11/2025, 10:18:16 PM - Команды успешно обновлены!
7/11/2025, 10:18:51 PM - При обработке нового пользователя возникла ошибка: ENOENT: No such file or directory
7/11/2025, 10:18:51 PM - Error: MakeWelko: fail to delit tmp file: No such file or directory
7/11/2025, 10:18:51 PM - Временный файл ./tmp/657872729126469642.png удалён.
7/11/2025, 10:19:52 PM - Команды успешно обновлены!
7/11/2025, 10:19:55 PM - При обработке нового пользователя возникла ошибка: ENOENT: No such file or directory
7/11/2025, 10:20:35 PM - Команды успешно обновлены!
7/11/2025, 10:20:39 PM - При обработке нового пользователя возникла ошибка: ENOENT: No such file or directory
7/11/2025, 10:21:02 PM - Команды успешно обновлены!
7/11/2025, 10:21:08 PM - При обработке нового пользователя возникла ошибка: ENOENT: No such file or directory
7/11/2025, 10:24:54 PM - Команды успешно обновлены!
7/11/2025, 10:24:58 PM - При обработке нового пользователя возникла ошибка: ENOENT: No such file or directory
7/11/2025, 10:25:43 PM - Команды успешно обновлены!
7/11/2025, 10:25:49 PM - При обработке нового пользователя возникла ошибка: ENOENT: No such file or directory
7/11/2025, 10:27:06 PM - Команды успешно обновлены!
7/11/2025, 10:27:11 PM - При обработке нового пользователя возникла ошибка: ENOENT: No such file or directory
7/11/2025, 10:29:02 PM - Команды успешно обновлены!
7/11/2025, 10:29:07 PM - При обработке нового пользователя возникла ошибка: ENOENT: No such file or directory
7/11/2025, 10:30:30 PM - Команды успешно обновлены!
7/11/2025, 10:30:35 PM - Временный файл ./tmp/657872729126469642.png удалён.
7/11/2025, 10:30:35 PM - Временный файл ./tmp/657872729126469642.gif удалён.
7/12/2025, 9:06:39 AM - Команды успешно обновлены!
7/12/2025, 9:07:55 AM - Команды успешно обновлены!
7/12/2025, 9:08:27 AM - Временный файл ./tmp/657872729126469642.png удалён.
7/12/2025, 9:08:27 AM - Временный файл ./tmp/657872729126469642.gif удалён.
7/19/2025, 4:39:08 PM - Команды успешно обновлены!
[19.6.function getFullYear() {
    [native code]
}_16:47:11 GMT+0300 (Moscow Standard Time)]: Команды успешно обновлены!
[7/19/2025, 4:47:58 PM]: Команды успешно обновлены!
[16:56:16]: Команды успешно обновлены!
[16:57:13]: Команды успешно обновлены!
[17:03:27]: Команды успешно обновлены!
[17:09:17]: Команды успешно обновлены!
[17:11:09]: Команды успешно обновлены!
[17:11:59]: Команды успешно обновлены!
[17:12:07]: Файл сохранен: ./hentaiStaff/1396132495917056171_1396132495132459008_11_20250719173522.png
[12:31:22]: Команды успешно обновлены!
[12:32:19]: Временный файл ./tmp/416248183946215455.png удалён.
[12:32:19]: Временный файл ./tmp/416248183946215455.gif удалён.
[12:32:20]: Файл сохранен: ./hentaiStaff/1407658500183560233_1407658499848142898_416248183946215455.gif
[12:36:19]: Команды успешно обновлены!
[12:38:34]: Команды успешно обновлены!
[12:39:18]: Команды успешно обновлены!
[12:40:21]: Команды успешно обновлены!
[12:41:25]: Команды успешно обновлены!
[12:42:26]: Команды успешно обновлены!
[12:44:24]: Команды успешно обновлены!
[12:54:09]: Команды успешно обновлены!
[13:13:07]: Команды успешно обновлены!
[13:15:57]: Команды успешно обновлены!
[13:22:28]: Команды успешно обновлены!
[20:04:20]: Команды успешно обновлены!
[20:27:08]: Команды успешно обновлены!
[20:30:57]: Команды успешно обновлены!
[20:33:55]: Команды успешно обновлены!
[20:35:02]: Команды успешно обновлены!
[10:57:06]: Команды успешно обновлены!
[10:58:10]: Команды успешно обновлены!
[11:00:26]: Команды успешно обновлены!
[11:01:33]: Команды успешно обновлены!
[11:11:39]: Команды успешно обновлены!
[11:12:10]: Команды успешно обновлены!
[12:54:49]: Команды успешно обновлены!
[12:55:59]: Аниме Negry успешно добавлена в файл assets/anime.txt
[12:56:13]: Запрос на рандомайзинг аниме из файла assets/anime.txt выполнен
[12:57:10]: Аниме wgebfhjkwgjkf успешно добавлена в файл assets/anime.txt
[12:59:03]: Команды успешно обновлены!
[13:01:12]: Команды успешно обновлены!
[13:03:59]: Команды успешно обновлены!
[13:06:48]: Сообшение на пятницу отправлено
[13:07:29]: Временный файл ./tmp/657872729126469642.png удалён.
[13:07:29]: Временный файл ./tmp/657872729126469642.gif удалён.
[13:09:11]: Команды успешно обновлены!
[13:09:50]: Команды успешно обновлены!
[13:10:56]: Команды успешно обновлены!
[13:11:34]: Файл сохранен: ./hentaiStaff/1421801497313935421_1421801497032659005_11_20250719173522.png
[21:17:56]: You are not authorized to perform this action on this application
[21:18:50]: You are not authorized to perform this action on this application
[21:21:34]: You are not authorized to perform this action on this application
[21:22:16]: You are not authorized to perform this action on this application
[21:22:46]: You are not authorized to perform this action on this application
[21:26:01]: You are not authorized to perform this action on this application
[21:28:05]: You are not authorized to perform this action on this application
[21:29:59]: You are not authorized to perform this action on this application
[21:33:20]: You are not authorized to perform this action on this application
[21:35:43]: Команды успешно обновлены!
[21:37:55]: Команды успешно обновлены!
[21:42:08]: Команды успешно обновлены!
[21:45:28]: Команды успешно обновлены!
[21:49:34]: Команды успешно обновлены!
[21:51:57]: Команды успешно обновлены!
[22:05:07]: Команды успешно обновлены!
[22:09:08]: Временный файл ./tmp/1286393172775407688.png удалён.
[22:09:08]: Временный файл ./tmp/1286393172775407688.gif удалён.
[18:47:18]: Команды успешно обновлены!
[18:48:03]: Команды успешно обновлены!
[20:36:59]: Команды успешно обновлены!
[20:40:03]: Команды успешно обновлены!
[21:27:19]: Connect Timeout Error
[21:28:17]: Connect Timeout Error
[21:29:00]: Connect Timeout Error
[21:30:49]: Connect Timeout Error
[21:37:57]: Команды успешно обновлены!
[21:38:04]: Команды успешно обновлены!
[21:38:57]: Команды успешно обновлены!
[21:40:47]: Команды успешно обновлены!
[21:40:54]: Команды успешно обновлены!
[21:41:38]: Команды успешно обновлены!
[21:46:40]: Команды успешно обновлены!
[21:46:57]: Команды успешно обновлены!
[21:55:11]: Команды успешно обновлены!
[21:55:17]: Команды успешно обновлены!
[21:56:12]: Команды успешно обновлены!
[21:56:15]: Команды успешно обновлены!
[12:19:37]: Команды успешно обновлены!
[12:37:09]: Команды успешно обновлены!
[12:54:13]: Команды успешно обновлены!
[13:06:20]: Команды успешно обновлены!
[13:07:13]: Команды успешно обновлены!
[13:09:29]: Команды успешно обновлены!
[13:14:05]: Команды успешно обновлены!
[13:15:59]: Команды успешно обновлены!
[13:19:10]: Команды успешно обновлены!
[13:19:45]: Команды успешно обновлены!
[13:21:27]: Команды успешно обновлены!
[13:22:14]: Команды успешно обновлены!
[13:23:01]: Команды успешно обновлены!
[13:33:37]: Команды успешно обновлены!
[13:36:20]: Команды успешно обновлены!
[13:41:40]: Команды успешно обновлены!
[13:49:18]: Команды успешно обновлены!
[13:52:39]: Команды успешно обновлены!
[14:00:50]: Команды успешно обновлены!
[14:06:17]: Команды успешно обновлены!
[14:30:44]: Команды успешно обновлены!
[09:48:13]: Команды успешно обновлены!
[09:50:02]: Команды успешно обновлены!
[10:13:16]: Команды успешно обновлены!
[10:23:11]: Команды успешно обновлены!
[10:28:07]: Команды успешно обновлены!
[10:43:51]: Команды успешно обновлены!
[10:47:47]: Команды успешно обновлены!
[10:51:56]: Команды успешно обновлены!
[10:57:26]: Команды успешно обновлены!
[11:01:11]: Команды успешно обновлены!
[11:08:20]: Команды успешно обновлены!
[11:13:00]: Команды успешно обновлены!
[11:16:00]: Команды успешно обновлены!
[11:23:55]: Команды успешно обновлены!
[11:28:36]: Команды успешно обновлены!
[11:31:18]: Команды успешно обновлены!
[11:35:53]: Команды успешно обновлены!
[11:52:17]: Команды успешно обновлены!
[12:10:22]: Команды успешно обновлены!
[12:30:06]: Команды успешно обновлены!
[12:06:39]: Команды успешно обновлены!
[12:08:49]: Команды успешно обновлены!
[12:14:45]: Команды успешно обновлены!
[12:21:42]: Команды успешно обновлены!
[12:22:42]: Команды успешно обновлены!
[12:26:27]: Команды успешно обновлены!
[11:57:41]: You are not authorized to perform this action on this application
[12:01:57]: You are not authorized to perform this action on this application
[12:04:21]: Команды успешно обновлены!
[08:33:21]: Команды успешно обновлены!
[08:41:14]: Команды успешно обновлены!
[08:43:58]: Команды успешно обновлены!
